build/outputs/logs/manifest-merger-debug-report.txt
-- Merging decision tree log ---
manifest
ADDED from AndroidManifest.xml:2:1
	xmlns:android
		ADDED from AndroidManifest.xml:2:11
	package
		ADDED from AndroidManifest.xml:3:5
	android:versionName
		ADDED from AndroidManifest.xml:5:5
	android:versionCode
		ADDED from AndroidManifest.xml:4:5
		INJECTED from AndroidManifest.xml:0:0
		INJECTED from AndroidManifest.xml:0:0
uses-sdk
ADDED from AndroidManifest.xml:7:5
MERGED from MyProject:ZhaoYanCommonLib:unspecified:7:5
	android:targetSdkVersion
		ADDED from AndroidManifest.xml:9:9
	android:minSdkVersion
		ADDED from AndroidManifest.xml:8:9
uses-permission#android.permission.WRITE_SETTINGS
ADDED from AndroidManifest.xml:11:5
	android:name
		ADDED from AndroidManifest.xml:11:22
uses-permission#android.permission.CAMERA
ADDED from AndroidManifest.xml:12:5
	android:name
		ADDED from AndroidManifest.xml:12:22
uses-permission#android.permission.FLASHLIGHT
ADDED from AndroidManifest.xml:13:5
	android:name
		ADDED from AndroidManifest.xml:13:22
uses-permission#android.permission.ACCESS_NETWORK_STATE
ADDED from AndroidManifest.xml:14:5
	android:name
		ADDED from AndroidManifest.xml:14:22
uses-permission#android.permission.CHANGE_NETWORK_STATE
ADDED from AndroidManifest.xml:15:5
	android:name
		ADDED from AndroidManifest.xml:15:22
uses-permission#android.permission.EXPAND_STATUS_BAR
ADDED from AndroidManifest.xml:16:5
	android:name
		ADDED from AndroidManifest.xml:16:22
uses-permission#android.permission.WAKE_LOCK
ADDED from AndroidManifest.xml:17:5
	android:name
		ADDED from AndroidManifest.xml:17:22
uses-permission#android.permission.VIBRATE
ADDED from AndroidManifest.xml:18:5
	android:name
		ADDED from AndroidManifest.xml:18:22
uses-permission#android.permission.WRITE_EXTERNAL_STORAGE
ADDED from AndroidManifest.xml:19:5
	android:name
		ADDED from AndroidManifest.xml:19:22
uses-permission#android.permission.SYSTEM_ALERT_WINDOW
ADDED from AndroidManifest.xml:20:5
	android:name
		ADDED from AndroidManifest.xml:20:22
uses-permission#android.permission.RECEIVE_BOOT_COMPLETED
ADDED from AndroidManifest.xml:22:5
	android:name
		ADDED from AndroidManifest.xml:22:22
uses-feature#android.hardware.camera
ADDED from AndroidManifest.xml:24:5
	android:name
		ADDED from AndroidManifest.xml:24:19
uses-feature#android.hardware.camera.autofocus
ADDED from AndroidManifest.xml:25:5
	android:name
		ADDED from AndroidManifest.xml:25:19
uses-permission#android.permission.RECORD_AUDIO
ADDED from AndroidManifest.xml:26:5
	android:name
		ADDED from AndroidManifest.xml:26:22
application
ADDED from AndroidManifest.xml:28:5
MERGED from MyProject:ZhaoYanCommonLib:unspecified:11:5
	android:label
		ADDED from AndroidManifest.xml:32:9
	android:allowBackup
		ADDED from AndroidManifest.xml:30:9
	android:icon
		ADDED from AndroidManifest.xml:31:9
	android:theme
		ADDED from MyProject:ZhaoYanCommonLib:unspecified:14:9
	android:name
		ADDED from AndroidManifest.xml:29:9
activity#com.yuri.phoneassistant.MainActivity
ADDED from AndroidManifest.xml:34:9
	android:label
		ADDED from AndroidManifest.xml:36:13
	android:name
		ADDED from AndroidManifest.xml:35:13
intent-filter#android.intent.action.MAIN+android.intent.category.LAUNCHER
ADDED from AndroidManifest.xml:38:13
action#android.intent.action.MAIN
ADDED from AndroidManifest.xml:39:17
	android:name
		ADDED from AndroidManifest.xml:39:25
category#android.intent.category.LAUNCHER
ADDED from AndroidManifest.xml:41:17
	android:name
		ADDED from AndroidManifest.xml:41:27
intent-filter#android.intent.category.DEFAULT+com.yuri.pa.main
ADDED from AndroidManifest.xml:43:13
action#com.yuri.pa.main
ADDED from AndroidManifest.xml:44:17
	android:name
		ADDED from AndroidManifest.xml:44:25
category#android.intent.category.DEFAULT
ADDED from AndroidManifest.xml:45:17
	android:name
		ADDED from AndroidManifest.xml:45:27
activity#com.yuri.phoneassistant.camera.QuickCapture
ADDED from AndroidManifest.xml:49:10
	android:screenOrientation
		ADDED from AndroidManifest.xml:51:13
	android:theme
		ADDED from AndroidManifest.xml:52:13
	android:name
		ADDED from AndroidManifest.xml:50:13
intent-filter#android.intent.category.DEFAULT+com.yuri.phoneassistant.camera.quickcapture
ADDED from AndroidManifest.xml:54:13
action#com.yuri.phoneassistant.camera.quickcapture
ADDED from AndroidManifest.xml:55:17
	android:name
		ADDED from AndroidManifest.xml:55:25
activity#com.yuri.phoneassistant.app.LoaderApp
ADDED from AndroidManifest.xml:60:10
	android:screenOrientation
		ADDED from AndroidManifest.xml:62:14
	android:name
		ADDED from AndroidManifest.xml:61:14
intent-filter#android.intent.category.DEFAULT+com.yuri.phoneassistant.app
ADDED from AndroidManifest.xml:64:15
action#com.yuri.phoneassistant.app
ADDED from AndroidManifest.xml:65:17
	android:name
		ADDED from AndroidManifest.xml:65:25
activity#com.yuri.phoneassistant.traffic.TrafficActivity
ADDED from AndroidManifest.xml:70:10
	android:screenOrientation
		ADDED from AndroidManifest.xml:72:14
	android:name
		ADDED from AndroidManifest.xml:71:14
activity#com.yuri.phoneassistant.camera.QuickVideoRecoder
ADDED from AndroidManifest.xml:76:10
	android:screenOrientation
		ADDED from AndroidManifest.xml:78:14
	android:name
		ADDED from AndroidManifest.xml:77:14
receiver#com.yuri.phoneassistant.PAReceiver
ADDED from AndroidManifest.xml:82:10
	android:name
		ADDED from AndroidManifest.xml:83:14
intent-filter#android.intent.action.BOOT_COMPLETED
ADDED from AndroidManifest.xml:85:14
action#android.intent.action.BOOT_COMPLETED
ADDED from AndroidManifest.xml:86:18
	android:name
		ADDED from AndroidManifest.xml:86:26
service#com.yuri.phoneassistant.CommonService
ADDED from AndroidManifest.xml:90:9
	android:name
		ADDED from AndroidManifest.xml:90:18
service#com.yuri.phoneassistant.traffic.TrafficService
ADDED from AndroidManifest.xml:91:9
	android:name
		ADDED from AndroidManifest.xml:91:18
provider#com.yuri.phoneassistant.db.DBProvider
ADDED from AndroidManifest.xml:93:9
	android:exported
		ADDED from AndroidManifest.xml:96:13
	android:authorities
		ADDED from AndroidManifest.xml:95:13
	android:name
		ADDED from AndroidManifest.xml:94:13
activity#com.zhaoyan.common.lib.MainActivity
ADDED from MyProject:ZhaoYanCommonLib:unspecified:15:9
	android:label
		ADDED from MyProject:ZhaoYanCommonLib:unspecified:17:13
	android:name
		ADDED from MyProject:ZhaoYanCommonLib:unspecified:16:13